<?xml version="1.0" encoding="UTF-8"?>
<testsuite xmlns:xsi="http://www.w3.org/2001/XMLSchema-instance" xsi:noNamespaceSchemaLocation="https://maven.apache.org/surefire/maven-surefire-plugin/xsd/surefire-test-report-3.0.xsd" version="3.0" name="dev.erica.ghostbusters.model.UserModelTest" time="0.14" tests="5" errors="0" skipped="0" failures="0">
  <properties>
    <property name="jpda.address" value="65468"/>
    <property name="java.specification.version" value="21"/>
    <property name="sun.cpu.isalist" value="amd64"/>
    <property name="sun.jnu.encoding" value="Cp1252"/>
    <property name="java.class.path" value="C:\Users\CODER F5 ASTURIAS\Desktop\Trabajos\Ghostbusters\target\test-classes;C:\Users\CODER F5 ASTURIAS\Desktop\Trabajos\Ghostbusters\target\classes;C:\Users\CODER F5 ASTURIAS\.m2\repository\org\mockito\mockito-junit-jupiter\3.12.4\mockito-junit-jupiter-3.12.4.jar;C:\Users\CODER F5 ASTURIAS\.m2\repository\org\mockito\mockito-core\3.12.4\mockito-core-3.12.4.jar;C:\Users\CODER F5 ASTURIAS\.m2\repository\net\bytebuddy\byte-buddy\1.11.13\byte-buddy-1.11.13.jar;C:\Users\CODER F5 ASTURIAS\.m2\repository\net\bytebuddy\byte-buddy-agent\1.11.13\byte-buddy-agent-1.11.13.jar;C:\Users\CODER F5 ASTURIAS\.m2\repository\org\objenesis\objenesis\3.2\objenesis-3.2.jar;C:\Users\CODER F5 ASTURIAS\.m2\repository\org\hamcrest\hamcrest\3.0\hamcrest-3.0.jar;C:\Users\CODER F5 ASTURIAS\.m2\repository\org\junit\jupiter\junit-jupiter-api\5.6.0\junit-jupiter-api-5.6.0.jar;C:\Users\CODER F5 ASTURIAS\.m2\repository\org\apiguardian\apiguardian-api\1.1.0\apiguardian-api-1.1.0.jar;C:\Users\CODER F5 ASTURIAS\.m2\repository\org\opentest4j\opentest4j\1.2.0\opentest4j-1.2.0.jar;C:\Users\CODER F5 ASTURIAS\.m2\repository\org\junit\platform\junit-platform-commons\1.6.0\junit-platform-commons-1.6.0.jar;C:\Users\CODER F5 ASTURIAS\.m2\repository\org\junit\jupiter\junit-jupiter-engine\5.6.0\junit-jupiter-engine-5.6.0.jar;C:\Users\CODER F5 ASTURIAS\.m2\repository\org\junit\platform\junit-platform-engine\1.6.0\junit-platform-engine-1.6.0.jar;C:\Users\CODER F5 ASTURIAS\.m2\repository\junit\junit\4.13.2\junit-4.13.2.jar;C:\Users\CODER F5 ASTURIAS\.m2\repository\org\hamcrest\hamcrest-core\1.3\hamcrest-core-1.3.jar;"/>
    <property name="java.vm.vendor" value="Oracle Corporation"/>
    <property name="sun.arch.data.model" value="64"/>
    <property name="user.variant" value=""/>
    <property name="java.vendor.url" value="https://java.oracle.com/"/>
    <property name="user.timezone" value="Europe/Madrid"/>
    <property name="forkMode" value="once"/>
    <property name="os.name" value="Windows 10"/>
    <property name="java.vm.specification.version" value="21"/>
    <property name="user.country" value="ES"/>
    <property name="sun.java.launcher" value="SUN_STANDARD"/>
    <property name="sun.boot.library.path" value="C:\Program Files\Java\jdk-21\bin"/>
    <property name="sun.java.command" value="C:\Users\CODER F5 ASTURIAS\AppData\Local\Temp\surefire8882669418078939894\surefirebooter17263764539626568825.jar C:\Users\CODER F5 ASTURIAS\AppData\Local\Temp\surefire8882669418078939894 2025-02-08T09-13-05_737-jvmRun1 surefire16699806174516427890tmp surefire_01791018796982218154tmp"/>
    <property name="jdk.debug" value="release"/>
    <property name="test" value="${packageClassName}"/>
    <property name="surefire.test.class.path" value="C:\Users\CODER F5 ASTURIAS\Desktop\Trabajos\Ghostbusters\target\test-classes;C:\Users\CODER F5 ASTURIAS\Desktop\Trabajos\Ghostbusters\target\classes;C:\Users\CODER F5 ASTURIAS\.m2\repository\org\mockito\mockito-junit-jupiter\3.12.4\mockito-junit-jupiter-3.12.4.jar;C:\Users\CODER F5 ASTURIAS\.m2\repository\org\mockito\mockito-core\3.12.4\mockito-core-3.12.4.jar;C:\Users\CODER F5 ASTURIAS\.m2\repository\net\bytebuddy\byte-buddy\1.11.13\byte-buddy-1.11.13.jar;C:\Users\CODER F5 ASTURIAS\.m2\repository\net\bytebuddy\byte-buddy-agent\1.11.13\byte-buddy-agent-1.11.13.jar;C:\Users\CODER F5 ASTURIAS\.m2\repository\org\objenesis\objenesis\3.2\objenesis-3.2.jar;C:\Users\CODER F5 ASTURIAS\.m2\repository\org\hamcrest\hamcrest\3.0\hamcrest-3.0.jar;C:\Users\CODER F5 ASTURIAS\.m2\repository\org\junit\jupiter\junit-jupiter-api\5.6.0\junit-jupiter-api-5.6.0.jar;C:\Users\CODER F5 ASTURIAS\.m2\repository\org\apiguardian\apiguardian-api\1.1.0\apiguardian-api-1.1.0.jar;C:\Users\CODER F5 ASTURIAS\.m2\repository\org\opentest4j\opentest4j\1.2.0\opentest4j-1.2.0.jar;C:\Users\CODER F5 ASTURIAS\.m2\repository\org\junit\platform\junit-platform-commons\1.6.0\junit-platform-commons-1.6.0.jar;C:\Users\CODER F5 ASTURIAS\.m2\repository\org\junit\jupiter\junit-jupiter-engine\5.6.0\junit-jupiter-engine-5.6.0.jar;C:\Users\CODER F5 ASTURIAS\.m2\repository\org\junit\platform\junit-platform-engine\1.6.0\junit-platform-engine-1.6.0.jar;C:\Users\CODER F5 ASTURIAS\.m2\repository\junit\junit\4.13.2\junit-4.13.2.jar;C:\Users\CODER F5 ASTURIAS\.m2\repository\org\hamcrest\hamcrest-core\1.3\hamcrest-core-1.3.jar;"/>
    <property name="sun.cpu.endian" value="little"/>
    <property name="user.home" value="C:\Users\CODER F5 ASTURIAS"/>
    <property name="user.language" value="es"/>
    <property name="java.specification.vendor" value="Oracle Corporation"/>
    <property name="java.version.date" value="2025-01-21"/>
    <property name="java.home" value="C:\Program Files\Java\jdk-21"/>
    <property name="file.separator" value="\"/>
    <property name="basedir" value="C:\Users\CODER F5 ASTURIAS\Desktop\Trabajos\Ghostbusters"/>
    <property name="java.vm.compressedOopsMode" value="Zero based"/>
    <property name="line.separator" value="&#10;"/>
    <property name="java.vm.specification.vendor" value="Oracle Corporation"/>
    <property name="java.specification.name" value="Java Platform API Specification"/>
    <property name="surefire.real.class.path" value="C:\Users\CODER F5 ASTURIAS\AppData\Local\Temp\surefire8882669418078939894\surefirebooter17263764539626568825.jar"/>
    <property name="user.script" value=""/>
    <property name="sun.management.compiler" value="HotSpot 64-Bit Tiered Compilers"/>
    <property name="java.runtime.version" value="21.0.6+8-LTS-188"/>
    <property name="user.name" value="CODER F5 ASTURIAS"/>
    <property name="stdout.encoding" value="Cp1252"/>
    <property name="path.separator" value=";"/>
    <property name="os.version" value="10.0"/>
    <property name="java.runtime.name" value="Java(TM) SE Runtime Environment"/>
    <property name="file.encoding" value="UTF-8"/>
    <property name="java.vm.name" value="Java HotSpot(TM) 64-Bit Server VM"/>
    <property name="jpda.listen" value="true"/>
    <property name="maven.ext.class.path" value="C:\Users\CODER F5 ASTURIAS\.vscode\extensions\oracle.oracle-java-23.0.1\nbcode\java\maven-nblib\netbeans-eventspy.jar"/>
    <property name="localRepository" value="C:\Users\CODER F5 ASTURIAS\.m2\repository"/>
    <property name="java.vendor.url.bug" value="https://bugreport.java.com/bugreport/"/>
    <property name="java.io.tmpdir" value="C:\Users\CODERF~1\AppData\Local\Temp\"/>
    <property name="java.version" value="21.0.6"/>
    <property name="user.dir" value="C:\Users\CODER F5 ASTURIAS\Desktop\Trabajos\Ghostbusters"/>
    <property name="os.arch" value="amd64"/>
    <property name="java.vm.specification.name" value="Java Virtual Machine Specification"/>
    <property name="sun.os.patch.level" value=""/>
    <property name="native.encoding" value="Cp1252"/>
    <property name="java.library.path" value="C:\Program Files\Java\jdk-21\bin;C:\WINDOWS\Sun\Java\bin;C:\WINDOWS\system32;C:\WINDOWS;C:\Program Files\Common Files\Oracle\Java\javapath;C:\WINDOWS\system32;C:\WINDOWS;C:\WINDOWS\System32\Wbem;C:\WINDOWS\System32\WindowsPowerShell\v1.0\;C:\WINDOWS\System32\OpenSSH\;%JAVA_HOME%\bin;%MAVEN_HOME%\bin;C:\Program Files\nodejs\;C:\Program Files\Git\cmd;C:\Users\CODER F5 ASTURIAS\AppData\Local\Microsoft\WindowsApps;C:\Users\CODER F5 ASTURIAS\AppData\Local\Programs\Microsoft VS Code\bin;C:\Users\CODER F5 ASTURIAS\AppData\Roaming\npm;C:\Program Files\Java\jdk-21\bin;C:\apache-maven-3.9.9\bin;."/>
    <property name="java.vm.info" value="mixed mode, sharing"/>
    <property name="stderr.encoding" value="Cp1252"/>
    <property name="java.vendor" value="Oracle Corporation"/>
    <property name="java.vm.version" value="21.0.6+8-LTS-188"/>
    <property name="sun.io.unicode.encoding" value="UnicodeLittle"/>
    <property name="java.class.version" value="65.0"/>
    <property name="maven.surefire.debug" value="-agentlib:jdwp=transport=dt_socket,server=n,address=65468"/>
  </properties>
  <testcase name="testDeleteGhost" classname="dev.erica.ghostbusters.model.UserModelTest" time="0.017"/>
  <testcase name="testAddGhost" classname="dev.erica.ghostbusters.model.UserModelTest" time="0.011"/>
  <testcase name="testGetGhosts" classname="dev.erica.ghostbusters.model.UserModelTest" time="0.036"/>
  <testcase name="testFilterByClass" classname="dev.erica.ghostbusters.model.UserModelTest" time="0.037"/>
  <testcase name="testFilterByMonth" classname="dev.erica.ghostbusters.model.UserModelTest" time="0.017"/>
</testsuite>